<?xml version="1.0" encoding="UTF-8"?>
<testng-results skipped="0" failed="0" ignored="0" total="0" passed="0">
  <reporter-output>
  </reporter-output>
  <suite name="UtilityClasses.BaseTest" duration-ms="8" started-at="2020-05-05T11:09:43Z" finished-at="2020-05-05T11:09:43Z">
    <groups>
    </groups>
    <test name="Command line test" duration-ms="8" started-at="2020-05-05T11:09:43Z" finished-at="2020-05-05T11:09:43Z">
    </test> <!-- Command line test -->
  </suite> <!-- UtilityClasses.BaseTest -->
</testng-results>
