<?xml version="1.0" encoding="UTF-8"?>
<testng-results skipped="0" failed="0" total="2" passed="2">
  <reporter-output>
  </reporter-output>
  <suite name="Default suite" duration-ms="7910" started-at="2020-05-06T13:02:42Z" finished-at="2020-05-06T13:02:50Z">
    <groups>
    </groups>
    <test name="Default test" duration-ms="7910" started-at="2020-05-06T13:02:42Z" finished-at="2020-05-06T13:02:50Z">
      <class name="PutAndPatchCalls.PutAndPatchMethod">
        <test-method status="PASS" signature="foo()[pri:0, instance:PutAndPatchCalls.PutAndPatchMethod@34340fab]" name="foo" duration-ms="4618" started-at="2020-05-06T18:32:42Z" finished-at="2020-05-06T18:32:47Z">
          <reporter-output>
          </reporter-output>
        </test-method> <!-- foo -->
        <test-method status="PASS" signature="xoo()[pri:0, instance:PutAndPatchCalls.PutAndPatchMethod@34340fab]" name="xoo" duration-ms="3258" started-at="2020-05-06T18:32:47Z" finished-at="2020-05-06T18:32:50Z">
          <reporter-output>
          </reporter-output>
        </test-method> <!-- xoo -->
      </class> <!-- PutAndPatchCalls.PutAndPatchMethod -->
    </test> <!-- Default test -->
  </suite> <!-- Default suite -->
</testng-results>
